<?xml version="1.0" encoding="UTF-8"?>
<testng-results ignored="0" total="1" passed="1" failed="0" skipped="0">
  <reporter-output>
  </reporter-output>
  <suite started-at="2023-08-21T21:43:57 PST" name="Default suite" finished-at="2023-08-21T21:45:22 PST" duration-ms="85126">
    <groups>
    </groups>
    <test started-at="2023-08-21T21:43:57 PST" name="Default test" finished-at="2023-08-21T21:45:22 PST" duration-ms="85126">
      <class name="com.markets.automated.tests.PlatformPageTests">
        <test-method is-config="true" signature="setup()[pri:0, instance:com.markets.automated.tests.PlatformPageTests@145f66e3]" started-at="2023-08-21T21:43:57 PST" name="setup" finished-at="2023-08-21T21:44:07 PST" duration-ms="9478" status="PASS">
          <reporter-output>
          </reporter-output>
        </test-method> <!-- setup -->
        <test-method signature="testCreationOfNewAccounts()[pri:0, instance:com.markets.automated.tests.PlatformPageTests@145f66e3]" started-at="2023-08-21T21:44:07 PST" name="testCreationOfNewAccounts" finished-at="2023-08-21T21:45:22 PST" duration-ms="75367" status="PASS">
          <reporter-output>
          </reporter-output>
        </test-method> <!-- testCreationOfNewAccounts -->
        <test-method is-config="true" signature="teardown()[pri:0, instance:com.markets.automated.tests.PlatformPageTests@145f66e3]" started-at="2023-08-21T21:45:22 PST" name="teardown" finished-at="2023-08-21T21:45:22 PST" duration-ms="255" status="PASS">
          <reporter-output>
          </reporter-output>
        </test-method> <!-- teardown -->
      </class> <!-- com.markets.automated.tests.PlatformPageTests -->
    </test> <!-- Default test -->
  </suite> <!-- Default suite -->
</testng-results>
